<?xml version="1.0" encoding="UTF-8"?>
<testsuites>
  <testsuite name="consultasmTest" file="C:\xampp\htdocs\SISTEMA-DE-HISTORIAS-MEDICAS\tests\ConsultasmTest.php" tests="12" assertions="0" errors="12" failures="0" skipped="0" time="47.813722">
    <testcase name="testListadopersonal" file="C:\xampp\htdocs\SISTEMA-DE-HISTORIAS-MEDICAS\tests\ConsultasmTest.php" line="18" class="consultasmTest" classname="consultasmTest" assertions="0" time="4.231615">
      <error type="PDOException">consultasmTest::testListadopersonal&#13;
PDOException: SQLSTATE[HY000] [2002] No se puede establecer una conexión ya que el equipo de destino denegó expresamente dicha conexión
&#13;
C:\xampp\htdocs\SISTEMA-DE-HISTORIAS-MEDICAS\src\modelo\datos.php:19
C:\xampp\htdocs\SISTEMA-DE-HISTORIAS-MEDICAS\src\modelo\consultasm.php:69
C:\xampp\htdocs\SISTEMA-DE-HISTORIAS-MEDICAS\tests\ConsultasmTest.php:19</error>
    </testcase>
    <testcase name="testListadopacientes" file="C:\xampp\htdocs\SISTEMA-DE-HISTORIAS-MEDICAS\tests\ConsultasmTest.php" line="28" class="consultasmTest" classname="consultasmTest" assertions="0" time="4.087034">
      <error type="PDOException">consultasmTest::testListadopacientes&#13;
PDOException: SQLSTATE[HY000] [2002] No se puede establecer una conexión ya que el equipo de destino denegó expresamente dicha conexión
&#13;
C:\xampp\htdocs\SISTEMA-DE-HISTORIAS-MEDICAS\src\modelo\datos.php:19
C:\xampp\htdocs\SISTEMA-DE-HISTORIAS-MEDICAS\src\modelo\consultasm.php:100
C:\xampp\htdocs\SISTEMA-DE-HISTORIAS-MEDICAS\tests\ConsultasmTest.php:29</error>
    </testcase>
    <testcase name="testConsultar" file="C:\xampp\htdocs\SISTEMA-DE-HISTORIAS-MEDICAS\tests\ConsultasmTest.php" line="38" class="consultasmTest" classname="consultasmTest" assertions="0" time="4.066135">
      <error type="PDOException">consultasmTest::testConsultar&#13;
PDOException: SQLSTATE[HY000] [2002] No se puede establecer una conexión ya que el equipo de destino denegó expresamente dicha conexión
&#13;
C:\xampp\htdocs\SISTEMA-DE-HISTORIAS-MEDICAS\src\modelo\datos.php:19
C:\xampp\htdocs\SISTEMA-DE-HISTORIAS-MEDICAS\src\modelo\consultasm.php:366
C:\xampp\htdocs\SISTEMA-DE-HISTORIAS-MEDICAS\tests\ConsultasmTest.php:39</error>
    </testcase>
    <testcase name="testIncluirConsulta" file="C:\xampp\htdocs\SISTEMA-DE-HISTORIAS-MEDICAS\tests\ConsultasmTest.php" line="49" class="consultasmTest" classname="consultasmTest" assertions="0" time="4.099878">
      <error type="PDOException">consultasmTest::testIncluirConsulta&#13;
PDOException: SQLSTATE[HY000] [2002] No se puede establecer una conexión ya que el equipo de destino denegó expresamente dicha conexión
&#13;
C:\xampp\htdocs\SISTEMA-DE-HISTORIAS-MEDICAS\src\modelo\datos.php:19
C:\xampp\htdocs\SISTEMA-DE-HISTORIAS-MEDICAS\src\modelo\consultasm.php:423
C:\xampp\htdocs\SISTEMA-DE-HISTORIAS-MEDICAS\src\modelo\consultasm.php:141
C:\xampp\htdocs\SISTEMA-DE-HISTORIAS-MEDICAS\tests\ConsultasmTest.php:64</error>
    </testcase>
    <testcase name="testExiste" file="C:\xampp\htdocs\SISTEMA-DE-HISTORIAS-MEDICAS\tests\ConsultasmTest.php" line="76" class="consultasmTest" classname="consultasmTest" assertions="0" time="4.076575">
      <error type="PDOException">consultasmTest::testExiste&#13;
PDOException: SQLSTATE[HY000] [2002] No se puede establecer una conexión ya que el equipo de destino denegó expresamente dicha conexión
&#13;
C:\xampp\htdocs\SISTEMA-DE-HISTORIAS-MEDICAS\src\modelo\datos.php:19
C:\xampp\htdocs\SISTEMA-DE-HISTORIAS-MEDICAS\src\modelo\consultasm.php:404
C:\xampp\htdocs\SISTEMA-DE-HISTORIAS-MEDICAS\tests\ConsultasmTest.php:84</error>
    </testcase>
    <testcase name="testModificarConsulta" file="C:\xampp\htdocs\SISTEMA-DE-HISTORIAS-MEDICAS\tests\ConsultasmTest.php" line="90" class="consultasmTest" classname="consultasmTest" assertions="0" time="4.077074">
      <error type="PDOException">consultasmTest::testModificarConsulta&#13;
PDOException: SQLSTATE[HY000] [2002] No se puede establecer una conexión ya que el equipo de destino denegó expresamente dicha conexión
&#13;
C:\xampp\htdocs\SISTEMA-DE-HISTORIAS-MEDICAS\src\modelo\datos.php:19
C:\xampp\htdocs\SISTEMA-DE-HISTORIAS-MEDICAS\src\modelo\consultasm.php:423
C:\xampp\htdocs\SISTEMA-DE-HISTORIAS-MEDICAS\src\modelo\consultasm.php:229
C:\xampp\htdocs\SISTEMA-DE-HISTORIAS-MEDICAS\tests\ConsultasmTest.php:108</error>
    </testcase>
    <testcase name="testEliminarConsulta" file="C:\xampp\htdocs\SISTEMA-DE-HISTORIAS-MEDICAS\tests\ConsultasmTest.php" line="117" class="consultasmTest" classname="consultasmTest" assertions="0" time="4.043766">
      <error type="PDOException">consultasmTest::testEliminarConsulta&#13;
PDOException: SQLSTATE[HY000] [2002] No se puede establecer una conexión ya que el equipo de destino denegó expresamente dicha conexión
&#13;
C:\xampp\htdocs\SISTEMA-DE-HISTORIAS-MEDICAS\src\modelo\datos.php:19
C:\xampp\htdocs\SISTEMA-DE-HISTORIAS-MEDICAS\src\modelo\consultasm.php:329
C:\xampp\htdocs\SISTEMA-DE-HISTORIAS-MEDICAS\tests\ConsultasmTest.php:125</error>
    </testcase>
    <testcase name="testListadoObservaciones" file="C:\xampp\htdocs\SISTEMA-DE-HISTORIAS-MEDICAS\tests\ConsultasmTest.php" line="141" class="consultasmTest" classname="consultasmTest" assertions="0" time="4.051441">
      <error type="PDOException">consultasmTest::testListadoObservaciones&#13;
PDOException: SQLSTATE[HY000] [2002] No se puede establecer una conexión ya que el equipo de destino denegó expresamente dicha conexión
&#13;
C:\xampp\htdocs\SISTEMA-DE-HISTORIAS-MEDICAS\src\modelo\datos.php:19
C:\xampp\htdocs\SISTEMA-DE-HISTORIAS-MEDICAS\src\modelo\consultasm.php:471
C:\xampp\htdocs\SISTEMA-DE-HISTORIAS-MEDICAS\tests\ConsultasmTest.php:142</error>
    </testcase>
    <testcase name="testIncluirObservacion" file="C:\xampp\htdocs\SISTEMA-DE-HISTORIAS-MEDICAS\tests\ConsultasmTest.php" line="151" class="consultasmTest" classname="consultasmTest" assertions="0" time="2.900930">
      <error type="PDOException">consultasmTest::testIncluirObservacion&#13;
PDOException: SQLSTATE[HY000] [2006] MySQL server has gone away
&#13;
C:\xampp\htdocs\SISTEMA-DE-HISTORIAS-MEDICAS\src\modelo\datos.php:19
C:\xampp\htdocs\SISTEMA-DE-HISTORIAS-MEDICAS\src\modelo\consultasm.php:528
C:\xampp\htdocs\SISTEMA-DE-HISTORIAS-MEDICAS\tests\ConsultasmTest.php:156</error>
    </testcase>
    <testcase name="testExisteObservacion" file="C:\xampp\htdocs\SISTEMA-DE-HISTORIAS-MEDICAS\tests\ConsultasmTest.php" line="170" class="consultasmTest" classname="consultasmTest" assertions="0" time="4.050249">
      <error type="PDOException">consultasmTest::testExisteObservacion&#13;
PDOException: SQLSTATE[HY000] [2002] No se puede establecer una conexión ya que el equipo de destino denegó expresamente dicha conexión
&#13;
C:\xampp\htdocs\SISTEMA-DE-HISTORIAS-MEDICAS\src\modelo\datos.php:19
C:\xampp\htdocs\SISTEMA-DE-HISTORIAS-MEDICAS\src\modelo\consultasm.php:635
C:\xampp\htdocs\SISTEMA-DE-HISTORIAS-MEDICAS\tests\ConsultasmTest.php:178</error>
    </testcase>
    <testcase name="testModificarObservacion" file="C:\xampp\htdocs\SISTEMA-DE-HISTORIAS-MEDICAS\tests\ConsultasmTest.php" line="182" class="consultasmTest" classname="consultasmTest" assertions="0" time="4.064919">
      <error type="PDOException">consultasmTest::testModificarObservacion&#13;
PDOException: SQLSTATE[HY000] [2002] No se puede establecer una conexión ya que el equipo de destino denegó expresamente dicha conexión
&#13;
C:\xampp\htdocs\SISTEMA-DE-HISTORIAS-MEDICAS\src\modelo\datos.php:19
C:\xampp\htdocs\SISTEMA-DE-HISTORIAS-MEDICAS\src\modelo\consultasm.php:590
C:\xampp\htdocs\SISTEMA-DE-HISTORIAS-MEDICAS\tests\ConsultasmTest.php:191</error>
    </testcase>
    <testcase name="testEliminarObservacion" file="C:\xampp\htdocs\SISTEMA-DE-HISTORIAS-MEDICAS\tests\ConsultasmTest.php" line="205" class="consultasmTest" classname="consultasmTest" assertions="0" time="4.064107">
      <error type="PDOException">consultasmTest::testEliminarObservacion&#13;
PDOException: SQLSTATE[HY000] [2002] No se puede establecer una conexión ya que el equipo de destino denegó expresamente dicha conexión
&#13;
C:\xampp\htdocs\SISTEMA-DE-HISTORIAS-MEDICAS\src\modelo\datos.php:19
C:\xampp\htdocs\SISTEMA-DE-HISTORIAS-MEDICAS\src\modelo\consultasm.php:561
C:\xampp\htdocs\SISTEMA-DE-HISTORIAS-MEDICAS\tests\ConsultasmTest.php:213</error>
    </testcase>
  </testsuite>
</testsuites>
